<?xml version="1.0" encoding="UTF-8"?>
<!-- Generated by org.testng.reporters.JUnitReportReporter -->
<testsuite hostname="julianbenny" failures="0" tests="1" name="in.redbus.tests.Bookings" time="7.593" errors="0" timestamp="10 Aug 2021 05:39:58 GMT" skipped="0">
  <testcase classname="in.redbus.tests.Bookings" name="cancellationFunctionality" time="7.593"/>
</testsuite> <!-- in.redbus.tests.Bookings -->
