<?xml version="1.0" encoding="UTF-8"?>
<!-- Generated by org.testng.reporters.JUnitReportReporter -->
<testsuite hostname="julianbenny" failures="0" tests="1" name="in.redbus.tests.BusHire" time="63.962" errors="0" timestamp="10 Aug 2021 07:23:15 GMT" skipped="0">
  <testcase classname="in.redbus.tests.BusHire" name="validOutstation" time="63.962"/>
</testsuite> <!-- in.redbus.tests.BusHire -->
