<?xml version="1.0" encoding="UTF-8"?>
<!-- Generated by org.testng.reporters.JUnitReportReporter -->
<testsuite hostname="julianbenny" failures="0" tests="1" name="in.redbus.tests.HomePageSections" time="5.956" errors="0" timestamp="05 Jul 2021 07:22:21 GMT" skipped="0">
  <testcase classname="in.redbus.tests.HomePageSections" name="PartnersSection" time="5.956"/>
</testsuite> <!-- in.redbus.tests.HomePageSections -->
