<?xml version="1.0" encoding="UTF-8"?>
<!-- Generated by org.testng.reporters.JUnitReportReporter -->
<testsuite hostname="julianbenny" failures="0" tests="1" name="in.redbus.tests.SearchBus" time="5.263" errors="0" timestamp="03 Jul 2021 18:30:38 GMT" skipped="0">
  <testcase classname="in.redbus.tests.SearchBus" name="validSearchBus" time="5.263"/>
</testsuite> <!-- in.redbus.tests.SearchBus -->
