<?xml version="1.0" encoding="UTF-8"?>
<!-- Generated by org.testng.reporters.JUnitReportReporter -->
<testsuite hostname="julianbenny" failures="0" tests="1" name="in.redbus.tests.SignIn" time="18.313" errors="0" timestamp="22 Jun 2021 09:06:18 GMT" skipped="0">
  <testcase classname="in.redbus.tests.SignIn" name="searchBus" time="18.313"/>
</testsuite> <!-- in.redbus.tests.SignIn -->
