<?xml version="1.0" encoding="UTF-8"?>
<!-- Generated by org.testng.reporters.JUnitReportReporter -->
<testsuite hostname="julianbenny" failures="0" tests="1" name="in.redbus.tests.BusHire" time="15.360" errors="0" timestamp="04 Jul 2021 14:36:49 GMT" skipped="0">
  <testcase classname="in.redbus.tests.BusHire" name="invalidLocal" time="15.360"/>
</testsuite> <!-- in.redbus.tests.BusHire -->
