<?xml version="1.0" encoding="UTF-8"?>
<!-- Generated by org.testng.reporters.JUnitReportReporter -->
<testsuite hostname="julianbenny" failures="0" tests="4" name="in.redbus.tests.HomePageButtons" time="56.385" errors="0" timestamp="04 Jul 2021 06:05:11 GMT" skipped="0">
  <testcase classname="in.redbus.tests.HomePageButtons" name="busHireButton" time="11.213"/>
  <testcase classname="in.redbus.tests.HomePageButtons" name="rPoolButton" time="11.119"/>
  <testcase classname="in.redbus.tests.HomePageButtons" name="helpButton" time="14.089"/>
  <testcase classname="in.redbus.tests.HomePageButtons" name="redbusButtonFunctionality" time="19.964"/>
</testsuite> <!-- in.redbus.tests.HomePageButtons -->
